<?xml version="1.0" encoding="UTF-8"?>
<testsuite name="pl.pilaf.tgl.BandIntegrationTest" time="1.13" tests="1" errors="0" skipped="0" failures="1">
  <properties>
[...]
</properties>
  <testcase name="shouldRegisterUser" classname="pl.pilaf.tgl.BandIntegrationTest" time="1.13">
    <failure message="Expected status code &lt;401&gt; doesn&apos;t match actual status code &lt;200&gt;.&#10;" type="java.lang.AssertionError"><![CDATA[java.lang.AssertionError: Expected status code <401> doesn't match actual status code <200>.

	at sun.reflect.NativeConstructorAccessorImpl.newInstance0(Native Method)
	at sun.reflect.NativeConstructorAccessorImpl.newInstance(NativeConstructorAccessorImpl.java:62)
	at sun.reflect.DelegatingConstructorAccessorImpl.newInstance(DelegatingConstructorAccessorImpl.java:45)
	at java.lang.reflect.Constructor.newInstance(Constructor.java:422)
	at org.codehaus.groovy.reflection.CachedConstructor.invoke(CachedConstructor.java:77)
	at org.codehaus.groovy.runtime.callsite.ConstructorSite$ConstructorSiteNoUnwrapNoCoerce.callConstructor(ConstructorSite.java:102)
	at org.codehaus.groovy.runtime.callsite.CallSiteArray.defaultCallConstructor(CallSiteArray.java:57)
	at org.codehaus.groovy.runtime.callsite.AbstractCallSite.callConstructor(AbstractCallSite.java:182)
	at org.codehaus.groovy.runtime.callsite.AbstractCallSite.callConstructor(AbstractCallSite.java:190)
	at com.jayway.restassured.internal.ResponseSpecificationImpl$HamcrestAssertionClosure.validate(ResponseSpecificationImpl.groovy:573)
	at com.jayway.restassured.internal.ResponseSpecificationImpl$HamcrestAssertionClosure$validate$1.call(Unknown Source)
	at org.codehaus.groovy.runtime.callsite.CallSiteArray.defaultCall(CallSiteArray.java:45)
	at org.codehaus.groovy.runtime.callsite.AbstractCallSite.call(AbstractCallSite.java:108)
	at org.codehaus.groovy.runtime.callsite.AbstractCallSite.call(AbstractCallSite.java:116)
	at com.jayway.restassured.internal.ResponseSpecificationImpl.validateResponseIfRequired(ResponseSpecificationImpl.groovy:736)
	at com.jayway.restassured.internal.ResponseSpecificationImpl.this$2$validateResponseIfRequired(ResponseSpecificationImpl.groovy)
	at com.jayway.restassured.internal.ResponseSpecificationImpl$this$2$validateResponseIfRequired$1.callCurrent(Unknown Source)
	at org.codehaus.groovy.runtime.callsite.CallSiteArray.defaultCallCurrent(CallSiteArray.java:49)
	at org.codehaus.groovy.runtime.callsite.AbstractCallSite.callCurrent(AbstractCallSite.java:133)
	at org.codehaus.groovy.runtime.callsite.AbstractCallSite.callCurrent(AbstractCallSite.java:141)
	at com.jayway.restassured.internal.ResponseSpecificationImpl.statusCode(ResponseSpecificationImpl.groovy:107)
	at com.jayway.restassured.specification.ResponseSpecification$statusCode$0.callCurrent(Unknown Source)
	at org.codehaus.groovy.runtime.callsite.CallSiteArray.defaultCallCurrent(CallSiteArray.java:49)
	at org.codehaus.groovy.runtime.callsite.AbstractCallSite.callCurrent(AbstractCallSite.java:133)
	at org.codehaus.groovy.runtime.callsite.AbstractCallSite.callCurrent(AbstractCallSite.java:141)
	at com.jayway.restassured.internal.ResponseSpecificationImpl.statusCode(ResponseSpecificationImpl.groovy:115)
	at com.jayway.restassured.internal.ValidatableResponseOptionsImpl.statusCode(ValidatableResponseOptionsImpl.java:113)
	at pl.pilaf.tgl.BandIntegrationTest.shouldRegisterUser(BandIntegrationTest.java:50)
]]></failure>
    <system-out><![CDATA[17:41:53.695 [main] DEBUG o.s.t.c.j.SpringJUnit4ClassRunner - SpringJUnit4ClassRunner constructor called with [class pl.pilaf.tgl.BandIntegrationTest].
17:41:53.711 [main] DEBUG o.s.test.context.BootstrapUtils - Instantiating TestContextBootstrapper from class [org.springframework.test.context.web.WebTestContextBootstrapper]
17:41:53.735 [main] DEBUG o.s.t.c.w.WebTestContextBootstrapper - Found explicit ContextLoader class [org.springframework.boot.test.SpringApplicationContextLoader] for context configuration attributes [ContextConfigurationAttributes@887af79 declaringClass = 'pl.pilaf.tgl.BandIntegrationTest', classes = '{class pl.pilaf.inz.Application}', locations = '{}', inheritLocations = true, initializers = '{}', inheritInitializers = true, name = [null], contextLoaderClass = 'org.springframework.boot.test.SpringApplicationContextLoader']
17:41:53.757 [main] INFO  o.s.t.c.w.WebTestContextBootstrapper - Using TestExecutionListeners: [org.springframework.boot.test.IntegrationTestPropertiesListener@6ee52dcd, org.springframework.test.context.support.DependencyInjectionTestExecutionListener@4493d195, org.springframework.test.context.support.DirtiesContextTestExecutionListener@2781e022, org.springframework.test.context.transaction.TransactionalTestExecutionListener@57e1b0c, org.springframework.test.context.jdbc.SqlScriptsTestExecutionListener@4232c52b]
17:41:53.759 [main] DEBUG o.s.t.annotation.ProfileValueUtils - Retrieved @ProfileValueSourceConfiguration [null] for test class [pl.pilaf.tgl.BandIntegrationTest]
17:41:53.760 [main] DEBUG o.s.t.annotation.ProfileValueUtils - Retrieved ProfileValueSource type [class org.springframework.test.annotation.SystemProfileValueSource] for class [pl.pilaf.tgl.BandIntegrationTest]
17:41:53.761 [main] DEBUG o.s.t.annotation.ProfileValueUtils - Retrieved @ProfileValueSourceConfiguration [null] for test class [pl.pilaf.tgl.BandIntegrationTest]
17:41:53.761 [main] DEBUG o.s.t.annotation.ProfileValueUtils - Retrieved ProfileValueSource type [class org.springframework.test.annotation.SystemProfileValueSource] for class [pl.pilaf.tgl.BandIntegrationTest]
17:41:53.762 [main] DEBUG o.s.t.annotation.ProfileValueUtils - Retrieved @ProfileValueSourceConfiguration [null] for test class [pl.pilaf.tgl.BandIntegrationTest]
17:41:53.762 [main] DEBUG o.s.t.annotation.ProfileValueUtils - Retrieved ProfileValueSource type [class org.springframework.test.annotation.SystemProfileValueSource] for class [pl.pilaf.tgl.BandIntegrationTest]
17:41:54.170 [main] DEBUG o.s.test.util.ReflectionTestUtils - Getting field [mergedContextConfiguration] from target [[DefaultTestContext@55fe41ea testClass = BandIntegrationTest, testInstance = pl.pilaf.tgl.BandIntegrationTest@fbd1f6, testMethod = [null], testException = [null], mergedContextConfiguration = [WebMergedContextConfiguration@1ce24091 testClass = BandIntegrationTest, locations = '{}', classes = '{class pl.pilaf.inz.Application}', contextInitializerClasses = '[]', activeProfiles = '{test}', propertySourceLocations = '{classpath:application-test.properties}', propertySourceProperties = '{}', resourceBasePath = 'src/main/webapp', contextLoader = 'org.springframework.boot.test.SpringApplicationContextLoader', parent = [null]]]]
17:41:54.170 [main] DEBUG o.s.test.util.ReflectionTestUtils - Setting field [propertySourceProperties] of type [null] on target [[WebMergedContextConfiguration@1ce24091 testClass = BandIntegrationTest, locations = '{}', classes = '{class pl.pilaf.inz.Application}', contextInitializerClasses = '[]', activeProfiles = '{test}', propertySourceLocations = '{classpath:application-test.properties}', propertySourceProperties = '{}', resourceBasePath = 'src/main/webapp', contextLoader = 'org.springframework.boot.test.SpringApplicationContextLoader', parent = [null]]] to value [[Ljava.lang.String;@24aed80c]
17:41:54.171 [main] DEBUG o.s.t.c.s.DependencyInjectionTestExecutionListener - Performing dependency injection for test context [[DefaultTestContext@55fe41ea testClass = BandIntegrationTest, testInstance = pl.pilaf.tgl.BandIntegrationTest@fbd1f6, testMethod = [null], testException = [null], mergedContextConfiguration = [WebMergedContextConfiguration@1ce24091 testClass = BandIntegrationTest, locations = '{}', classes = '{class pl.pilaf.inz.Application}', contextInitializerClasses = '[]', activeProfiles = '{test}', propertySourceLocations = '{classpath:application-test.properties}', propertySourceProperties = '{server.port:9994, org.springframework.boot.test.IntegrationTest=true}', resourceBasePath = 'src/main/webapp', contextLoader = 'org.springframework.boot.test.SpringApplicationContextLoader', parent = [null]]]].
17:41:54.223 [main] DEBUG o.s.core.env.StandardEnvironment - Adding [systemProperties] PropertySource with lowest search precedence
17:41:54.224 [main] DEBUG o.s.core.env.StandardEnvironment - Adding [systemEnvironment] PropertySource with lowest search precedence
17:41:54.224 [main] DEBUG o.s.core.env.StandardEnvironment - Initialized StandardEnvironment with PropertySources [systemProperties,systemEnvironment]
17:41:54.224 [main] DEBUG o.s.core.env.StandardEnvironment - Adding [test] PropertySource with highest search precedence
17:41:54.224 [main] DEBUG o.s.core.env.StandardEnvironment - Adding [integrationTest] PropertySource with search precedence immediately lower than [systemEnvironment]

  .   ____          _            __ _ _
 /\\ / ___'_ __ _ _(_)_ __  __ _ \ \ \ \
( ( )\___ | '_ | '_| | '_ \/ _` | \ \ \ \
 \\/  ___)| |_)| | | | | || (_| |  ) ) ) )
  '  |____| .__|_| |_|_| |_\__, | / / / /
 =========|_|==============|___/=/_/_/_/
 :: Spring Boot ::        (v1.2.1.RELEASE)

2016-08-28 17:41:54.436  INFO 7696 --- [           main] o.a.maven.surefire.booter.ForkedBooter   : Starting ForkedBooter v2.17 on DESKTOP-UNIH26R with PID 7696 (C:\Users\filip\.m2\repository\org\apache\maven\surefire\surefire-booter\2.17\surefire-booter-2.17.jar started by filip in C:\copernicus\music\music-factory-extended\tgl-parent\tgl-test)
2016-08-28 17:41:54.584  INFO 7696 --- [           main] ationConfigEmbeddedWebApplicationContext : Refreshing org.springframework.boot.context.embedded.AnnotationConfigEmbeddedWebApplicationContext@59402b8f: startup date [Sun Aug 28 17:41:54 CEST 2016]; root of context hierarchy
2016-08-28 17:41:55.304  INFO 7696 --- [           main] o.s.b.f.s.DefaultListableBeanFactory     : Overriding bean definition for bean 'beanNameViewResolver': replacing [Root bean: class [null]; scope=; abstract=false; lazyInit=false; autowireMode=3; dependencyCheck=0; autowireCandidate=true; primary=false; factoryBeanName=org.springframework.boot.autoconfigure.web.ErrorMvcAutoConfiguration$WhitelabelErrorViewConfiguration; factoryMethodName=beanNameViewResolver; initMethodName=null; destroyMethodName=(inferred); defined in class path resource [org/springframework/boot/autoconfigure/web/ErrorMvcAutoConfiguration$WhitelabelErrorViewConfiguration.class]] with [Root bean: class [null]; scope=; abstract=false; lazyInit=false; autowireMode=3; dependencyCheck=0; autowireCandidate=true; primary=false; factoryBeanName=org.springframework.boot.autoconfigure.web.WebMvcAutoConfiguration$WebMvcAutoConfigurationAdapter; factoryMethodName=beanNameViewResolver; initMethodName=null; destroyMethodName=(inferred); defined in class path resource [org/springframework/boot/autoconfigure/web/WebMvcAutoConfiguration$WebMvcAutoConfigurationAdapter.class]]
2016-08-28 17:41:55.806  INFO 7696 --- [           main] f.a.AutowiredAnnotationBeanPostProcessor : JSR-330 'javax.inject.Inject' annotation found and supported for autowiring
2016-08-28 17:41:56.101  INFO 7696 --- [           main] trationDelegate$BeanPostProcessorChecker : Bean 'org.springframework.transaction.annotation.ProxyTransactionManagementConfiguration' of type [class org.springframework.transaction.annotation.ProxyTransactionManagementConfiguration$$EnhancerBySpringCGLIB$$572ed2a] is not eligible for getting processed by all BeanPostProcessors (for example: not eligible for auto-proxying)
2016-08-28 17:41:56.119  INFO 7696 --- [           main] trationDelegate$BeanPostProcessorChecker : Bean 'transactionAttributeSource' of type [class org.springframework.transaction.annotation.AnnotationTransactionAttributeSource] is not eligible for getting processed by all BeanPostProcessors (for example: not eligible for auto-proxying)
2016-08-28 17:41:56.127  INFO 7696 --- [           main] trationDelegate$BeanPostProcessorChecker : Bean 'transactionInterceptor' of type [class org.springframework.transaction.interceptor.TransactionInterceptor] is not eligible for getting processed by all BeanPostProcessors (for example: not eligible for auto-proxying)
2016-08-28 17:41:56.132  INFO 7696 --- [           main] trationDelegate$BeanPostProcessorChecker : Bean 'org.springframework.transaction.config.internalTransactionAdvisor' of type [class org.springframework.transaction.interceptor.BeanFactoryTransactionAttributeSourceAdvisor] is not eligible for getting processed by all BeanPostProcessors (for example: not eligible for auto-proxying)
2016-08-28 17:41:56.479  INFO 7696 --- [           main] s.b.c.e.t.TomcatEmbeddedServletContainer : Tomcat initialized with port(s): 9994 (http)
2016-08-28 17:41:56.647  INFO 7696 --- [           main] o.apache.catalina.core.StandardService   : Starting service Tomcat
2016-08-28 17:41:56.648  INFO 7696 --- [           main] org.apache.catalina.core.StandardEngine  : Starting Servlet Engine: Apache Tomcat/8.0.15
2016-08-28 17:41:56.752  INFO 7696 --- [ost-startStop-1] o.a.c.c.C.[Tomcat].[localhost].[/]       : Initializing Spring embedded WebApplicationContext
2016-08-28 17:41:56.752  INFO 7696 --- [ost-startStop-1] o.s.web.context.ContextLoader            : Root WebApplicationContext: initialization completed in 2170 ms
2016-08-28 17:41:57.647  INFO 7696 --- [ost-startStop-1] j.LocalContainerEntityManagerFactoryBean : Building JPA container EntityManagerFactory for persistence unit 'default'
2016-08-28 17:41:57.659  INFO 7696 --- [ost-startStop-1] o.hibernate.jpa.internal.util.LogHelper  : HHH000204: Processing PersistenceUnitInfo [
	name: default
	...]
2016-08-28 17:41:57.716  INFO 7696 --- [ost-startStop-1] org.hibernate.Version                    : HHH000412: Hibernate Core {4.3.7.Final}
2016-08-28 17:41:57.718  INFO 7696 --- [ost-startStop-1] org.hibernate.cfg.Environment            : HHH000206: hibernate.properties not found
2016-08-28 17:41:57.719  INFO 7696 --- [ost-startStop-1] org.hibernate.cfg.Environment            : HHH000021: Bytecode provider name : javassist
2016-08-28 17:41:57.962  INFO 7696 --- [ost-startStop-1] o.hibernate.annotations.common.Version   : HCANN000001: Hibernate Commons Annotations {4.0.5.Final}
2016-08-28 17:41:58.415  INFO 7696 --- [ost-startStop-1] org.hibernate.dialect.Dialect            : HHH000400: Using dialect: org.hibernate.dialect.PostgreSQLDialect
2016-08-28 17:41:58.425  INFO 7696 --- [ost-startStop-1] o.h.e.jdbc.internal.LobCreatorBuilder    : HHH000424: Disabling contextual LOB creation as createClob() method threw error : java.lang.reflect.InvocationTargetException
2016-08-28 17:41:58.547  INFO 7696 --- [ost-startStop-1] o.h.h.i.ast.ASTQueryTranslatorFactory    : HHH000397: Using ASTQueryTranslatorFactory
2016-08-28 17:41:58.792  INFO 7696 --- [ost-startStop-1] org.hibernate.tool.hbm2ddl.SchemaUpdate  : HHH000228: Running hbm2ddl schema update
2016-08-28 17:41:58.792  INFO 7696 --- [ost-startStop-1] org.hibernate.tool.hbm2ddl.SchemaUpdate  : HHH000102: Fetching database metadata
2016-08-28 17:41:58.796  INFO 7696 --- [ost-startStop-1] org.hibernate.tool.hbm2ddl.SchemaUpdate  : HHH000396: Updating schema
2016-08-28 17:41:58.821  INFO 7696 --- [ost-startStop-1] o.hibernate.tool.hbm2ddl.TableMetadata   : HHH000261: Table found: public.album
2016-08-28 17:41:58.822  INFO 7696 --- [ost-startStop-1] o.hibernate.tool.hbm2ddl.TableMetadata   : HHH000037: Columns: [band_id, name, description, id, created_date]
2016-08-28 17:41:58.822  INFO 7696 --- [ost-startStop-1] o.hibernate.tool.hbm2ddl.TableMetadata   : HHH000108: Foreign keys: [fk_tpv9lvinxf7y2uscsgn95tp2h]
2016-08-28 17:41:58.822  INFO 7696 --- [ost-startStop-1] o.hibernate.tool.hbm2ddl.TableMetadata   : HHH000126: Indexes: [album_pkey]
2016-08-28 17:41:58.840  INFO 7696 --- [ost-startStop-1] o.hibernate.tool.hbm2ddl.TableMetadata   : HHH000261: Table found: public.app_user
2016-08-28 17:41:58.840  INFO 7696 --- [ost-startStop-1] o.hibernate.tool.hbm2ddl.TableMetadata   : HHH000037: Columns: [password, user_type, birt_date, birth_place, description, last_name, id, login, first_name]
2016-08-28 17:41:58.840  INFO 7696 --- [ost-startStop-1] o.hibernate.tool.hbm2ddl.TableMetadata   : HHH000108: Foreign keys: []
2016-08-28 17:41:58.840  INFO 7696 --- [ost-startStop-1] o.hibernate.tool.hbm2ddl.TableMetadata   : HHH000126: Indexes: [app_user_pkey]
2016-08-28 17:41:58.857  INFO 7696 --- [ost-startStop-1] o.hibernate.tool.hbm2ddl.TableMetadata   : HHH000261: Table found: public.band
2016-08-28 17:41:58.858  INFO 7696 --- [ost-startStop-1] o.hibernate.tool.hbm2ddl.TableMetadata   : HHH000037: Columns: [created_place, name, description, id, created_date, gengre]
2016-08-28 17:41:58.858  INFO 7696 --- [ost-startStop-1] o.hibernate.tool.hbm2ddl.TableMetadata   : HHH000108: Foreign keys: []
2016-08-28 17:41:58.858  INFO 7696 --- [ost-startStop-1] o.hibernate.tool.hbm2ddl.TableMetadata   : HHH000126: Indexes: [band_pkey]
2016-08-28 17:41:58.875  INFO 7696 --- [ost-startStop-1] o.hibernate.tool.hbm2ddl.TableMetadata   : HHH000261: Table found: public.band_albums
2016-08-28 17:41:58.875  INFO 7696 --- [ost-startStop-1] o.hibernate.tool.hbm2ddl.TableMetadata   : HHH000037: Columns: [band_id, albums_id]
2016-08-28 17:41:58.875  INFO 7696 --- [ost-startStop-1] o.hibernate.tool.hbm2ddl.TableMetadata   : HHH000108: Foreign keys: [fk_a0v40jjracdsum2o6ovgm1rs2, fk_1acx0xem96jbw95wc3osb29dn]
2016-08-28 17:41:58.875  INFO 7696 --- [ost-startStop-1] o.hibernate.tool.hbm2ddl.TableMetadata   : HHH000126: Indexes: [uk_a0v40jjracdsum2o6ovgm1rs2]
2016-08-28 17:41:58.892  INFO 7696 --- [ost-startStop-1] o.hibernate.tool.hbm2ddl.TableMetadata   : HHH000261: Table found: public.comment
2016-08-28 17:41:58.892  INFO 7696 --- [ost-startStop-1] o.hibernate.tool.hbm2ddl.TableMetadata   : HHH000037: Columns: [description, id, created_date, refid, ref_type, created_by]
2016-08-28 17:41:58.892  INFO 7696 --- [ost-startStop-1] o.hibernate.tool.hbm2ddl.TableMetadata   : HHH000108: Foreign keys: []
2016-08-28 17:41:58.892  INFO 7696 --- [ost-startStop-1] o.hibernate.tool.hbm2ddl.TableMetadata   : HHH000126: Indexes: [comment_pkey]
2016-08-28 17:41:58.909  INFO 7696 --- [ost-startStop-1] o.hibernate.tool.hbm2ddl.TableMetadata   : HHH000261: Table found: public.song
2016-08-28 17:41:58.909  INFO 7696 --- [ost-startStop-1] o.hibernate.tool.hbm2ddl.TableMetadata   : HHH000037: Columns: [band_id, path, name, description, album_id, id]
2016-08-28 17:41:58.909  INFO 7696 --- [ost-startStop-1] o.hibernate.tool.hbm2ddl.TableMetadata   : HHH000108: Foreign keys: [fk_s26p4wlmwakdj7ajdv4vee6n8, fk_eqtgnb2oo5erhav15et29rhb7]
2016-08-28 17:41:58.909  INFO 7696 --- [ost-startStop-1] o.hibernate.tool.hbm2ddl.TableMetadata   : HHH000126: Indexes: [song_pkey]
2016-08-28 17:41:58.927  INFO 7696 --- [ost-startStop-1] o.hibernate.tool.hbm2ddl.TableMetadata   : HHH000261: Table found: public.user_band
2016-08-28 17:41:58.927  INFO 7696 --- [ost-startStop-1] o.hibernate.tool.hbm2ddl.TableMetadata   : HHH000037: Columns: [band_id, user_id]
2016-08-28 17:41:58.927  INFO 7696 --- [ost-startStop-1] o.hibernate.tool.hbm2ddl.TableMetadata   : HHH000108: Foreign keys: [fk_3ocfch14m6cxmryer6x9tgl3k, fk_dlmx4k8oh7uvfu6mw2fw4jfyw]
2016-08-28 17:41:58.927  INFO 7696 --- [ost-startStop-1] o.hibernate.tool.hbm2ddl.TableMetadata   : HHH000126: Indexes: []
2016-08-28 17:41:58.927  INFO 7696 --- [ost-startStop-1] org.hibernate.tool.hbm2ddl.SchemaUpdate  : HHH000232: Schema update complete
2016-08-28 17:41:59.647  INFO 7696 --- [ost-startStop-1] o.s.b.c.e.ServletRegistrationBean        : Mapping servlet: 'dispatcherServlet' to [/]
2016-08-28 17:41:59.653  INFO 7696 --- [ost-startStop-1] o.s.b.c.embedded.FilterRegistrationBean  : Mapping filter: 'metricFilter' to: [/*]
2016-08-28 17:41:59.653  INFO 7696 --- [ost-startStop-1] o.s.b.c.embedded.FilterRegistrationBean  : Mapping filter: 'characterEncodingFilter' to: [/*]
2016-08-28 17:41:59.653  INFO 7696 --- [ost-startStop-1] o.s.b.c.embedded.FilterRegistrationBean  : Mapping filter: 'webRequestLoggingFilter' to: [/*]
2016-08-28 17:41:59.653  INFO 7696 --- [ost-startStop-1] o.s.b.c.embedded.FilterRegistrationBean  : Mapping filter: 'hiddenHttpMethodFilter' to: [/*]
2016-08-28 17:41:59.654  INFO 7696 --- [ost-startStop-1] o.s.b.c.embedded.FilterRegistrationBean  : Mapping filter: 'applicationContextIdFilter' to: [/*]
2016-08-28 17:41:59.810  INFO 7696 --- [           main] o.s.b.f.config.PropertiesFactoryBean     : Loading properties file from class path resource [rest-default-messages.properties]
2016-08-28 17:41:59.939  INFO 7696 --- [           main] s.w.s.m.m.a.RequestMappingHandlerAdapter : Looking for @ControllerAdvice: org.springframework.boot.context.embedded.AnnotationConfigEmbeddedWebApplicationContext@59402b8f: startup date [Sun Aug 28 17:41:54 CEST 2016]; root of context hierarchy
2016-08-28 17:42:00.011  INFO 7696 --- [           main] s.w.s.m.m.a.RequestMappingHandlerMapping : Mapped "{[/error],methods=[],params=[],headers=[],consumes=[],produces=[],custom=[]}" onto public org.springframework.http.ResponseEntity<java.util.Map<java.lang.String, java.lang.Object>> org.springframework.boot.autoconfigure.web.BasicErrorController.error(javax.servlet.http.HttpServletRequest)
2016-08-28 17:42:00.011  INFO 7696 --- [           main] s.w.s.m.m.a.RequestMappingHandlerMapping : Mapped "{[/error],methods=[],params=[],headers=[],consumes=[],produces=[text/html],custom=[]}" onto public org.springframework.web.servlet.ModelAndView org.springframework.boot.autoconfigure.web.BasicErrorController.errorHtml(javax.servlet.http.HttpServletRequest)
2016-08-28 17:42:00.040  INFO 7696 --- [           main] o.s.w.s.handler.SimpleUrlHandlerMapping  : Mapped URL path [/webjars/**] onto handler of type [class org.springframework.web.servlet.resource.ResourceHttpRequestHandler]
2016-08-28 17:42:00.041  INFO 7696 --- [           main] o.s.w.s.handler.SimpleUrlHandlerMapping  : Mapped URL path [/**] onto handler of type [class org.springframework.web.servlet.resource.ResourceHttpRequestHandler]
2016-08-28 17:42:00.080  INFO 7696 --- [           main] o.s.w.s.handler.SimpleUrlHandlerMapping  : Mapped URL path [/**/favicon.ico] onto handler of type [class org.springframework.web.servlet.resource.ResourceHttpRequestHandler]
2016-08-28 17:42:00.434  INFO 7696 --- [           main] o.s.b.a.e.mvc.EndpointHandlerMapping     : Mapped "{[/info],methods=[GET],params=[],headers=[],consumes=[],produces=[],custom=[]}" onto public java.lang.Object org.springframework.boot.actuate.endpoint.mvc.EndpointMvcAdapter.invoke()
2016-08-28 17:42:00.435  INFO 7696 --- [           main] o.s.b.a.e.mvc.EndpointHandlerMapping     : Mapped "{[/trace],methods=[GET],params=[],headers=[],consumes=[],produces=[],custom=[]}" onto public java.lang.Object org.springframework.boot.actuate.endpoint.mvc.EndpointMvcAdapter.invoke()
2016-08-28 17:42:00.435  INFO 7696 --- [           main] o.s.b.a.e.mvc.EndpointHandlerMapping     : Mapped "{[/configprops],methods=[GET],params=[],headers=[],consumes=[],produces=[],custom=[]}" onto public java.lang.Object org.springframework.boot.actuate.endpoint.mvc.EndpointMvcAdapter.invoke()
2016-08-28 17:42:00.435  INFO 7696 --- [           main] o.s.b.a.e.mvc.EndpointHandlerMapping     : Mapped "{[/health],methods=[],params=[],headers=[],consumes=[],produces=[],custom=[]}" onto public java.lang.Object org.springframework.boot.actuate.endpoint.mvc.HealthMvcEndpoint.invoke(java.security.Principal)
2016-08-28 17:42:00.436  INFO 7696 --- [           main] o.s.b.a.e.mvc.EndpointHandlerMapping     : Mapped "{[/shutdown],methods=[POST],params=[],headers=[],consumes=[],produces=[],custom=[]}" onto public java.lang.Object org.springframework.boot.actuate.endpoint.mvc.ShutdownMvcEndpoint.invoke()
2016-08-28 17:42:00.436  INFO 7696 --- [           main] o.s.b.a.e.mvc.EndpointHandlerMapping     : Mapped "{[/autoconfig],methods=[GET],params=[],headers=[],consumes=[],produces=[],custom=[]}" onto public java.lang.Object org.springframework.boot.actuate.endpoint.mvc.EndpointMvcAdapter.invoke()
2016-08-28 17:42:00.437  INFO 7696 --- [           main] o.s.b.a.e.mvc.EndpointHandlerMapping     : Mapped "{[/mappings],methods=[GET],params=[],headers=[],consumes=[],produces=[],custom=[]}" onto public java.lang.Object org.springframework.boot.actuate.endpoint.mvc.EndpointMvcAdapter.invoke()
2016-08-28 17:42:00.438  INFO 7696 --- [           main] o.s.b.a.e.mvc.EndpointHandlerMapping     : Mapped "{[/metrics/{name:.*}],methods=[GET],params=[],headers=[],consumes=[],produces=[],custom=[]}" onto public java.lang.Object org.springframework.boot.actuate.endpoint.mvc.MetricsMvcEndpoint.value(java.lang.String)
2016-08-28 17:42:00.438  INFO 7696 --- [           main] o.s.b.a.e.mvc.EndpointHandlerMapping     : Mapped "{[/metrics],methods=[GET],params=[],headers=[],consumes=[],produces=[],custom=[]}" onto public java.lang.Object org.springframework.boot.actuate.endpoint.mvc.EndpointMvcAdapter.invoke()
2016-08-28 17:42:00.438  INFO 7696 --- [           main] o.s.b.a.e.mvc.EndpointHandlerMapping     : Mapped "{[/env/{name:.*}],methods=[GET],params=[],headers=[],consumes=[],produces=[],custom=[]}" onto public java.lang.Object org.springframework.boot.actuate.endpoint.mvc.EnvironmentMvcEndpoint.value(java.lang.String)
2016-08-28 17:42:00.439  INFO 7696 --- [           main] o.s.b.a.e.mvc.EndpointHandlerMapping     : Mapped "{[/env],methods=[GET],params=[],headers=[],consumes=[],produces=[],custom=[]}" onto public java.lang.Object org.springframework.boot.actuate.endpoint.mvc.EndpointMvcAdapter.invoke()
2016-08-28 17:42:00.439  INFO 7696 --- [           main] o.s.b.a.e.mvc.EndpointHandlerMapping     : Mapped "{[/beans],methods=[GET],params=[],headers=[],consumes=[],produces=[],custom=[]}" onto public java.lang.Object org.springframework.boot.actuate.endpoint.mvc.EndpointMvcAdapter.invoke()
2016-08-28 17:42:00.439  INFO 7696 --- [           main] o.s.b.a.e.mvc.EndpointHandlerMapping     : Mapped "{[/dump],methods=[GET],params=[],headers=[],consumes=[],produces=[],custom=[]}" onto public java.lang.Object org.springframework.boot.actuate.endpoint.mvc.EndpointMvcAdapter.invoke()
2016-08-28 17:42:00.521  INFO 7696 --- [           main] o.s.d.r.w.RepositoryRestHandlerAdapter   : Looking for @ControllerAdvice: org.springframework.boot.context.embedded.AnnotationConfigEmbeddedWebApplicationContext@59402b8f: startup date [Sun Aug 28 17:41:54 CEST 2016]; root of context hierarchy
2016-08-28 17:42:00.534  INFO 7696 --- [           main] o.s.d.r.w.RepositoryRestHandlerMapping   : Mapped "{[/{repository}/{id}],methods=[PATCH],params=[],headers=[],consumes=[],produces=[],custom=[]}" onto public org.springframework.http.ResponseEntity<org.springframework.hateoas.ResourceSupport> org.springframework.data.rest.webmvc.RepositoryEntityController.patchItemResource(org.springframework.data.rest.webmvc.RootResourceInformation,org.springframework.data.rest.webmvc.PersistentEntityResource,java.io.Serializable,org.springframework.data.rest.webmvc.PersistentEntityResourceAssembler) throws org.springframework.web.HttpRequestMethodNotSupportedException,org.springframework.data.rest.webmvc.ResourceNotFoundException
2016-08-28 17:42:00.535  INFO 7696 --- [           main] o.s.d.r.w.RepositoryRestHandlerMapping   : Mapped "{[/{repository}/{id}],methods=[DELETE],params=[],headers=[],consumes=[],produces=[],custom=[]}" onto public org.springframework.http.ResponseEntity<?> org.springframework.data.rest.webmvc.RepositoryEntityController.deleteItemResource(org.springframework.data.rest.webmvc.RootResourceInformation,java.io.Serializable) throws org.springframework.data.rest.webmvc.ResourceNotFoundException,org.springframework.web.HttpRequestMethodNotSupportedException
2016-08-28 17:42:00.535  INFO 7696 --- [           main] o.s.d.r.w.RepositoryRestHandlerMapping   : Mapped "{[/{repository}],methods=[GET],params=[],headers=[],consumes=[],produces=[],custom=[]}" onto public org.springframework.hateoas.Resources<?> org.springframework.data.rest.webmvc.RepositoryEntityController.getCollectionResource(org.springframework.data.rest.webmvc.RootResourceInformation,org.springframework.data.rest.webmvc.support.DefaultedPageable,org.springframework.data.domain.Sort,org.springframework.data.rest.webmvc.PersistentEntityResourceAssembler) throws org.springframework.data.rest.webmvc.ResourceNotFoundException,org.springframework.web.HttpRequestMethodNotSupportedException
2016-08-28 17:42:00.535  INFO 7696 --- [           main] o.s.d.r.w.RepositoryRestHandlerMapping   : Mapped "{[/{repository}/{id}],methods=[HEAD],params=[],headers=[],consumes=[],produces=[],custom=[]}" onto public org.springframework.http.ResponseEntity<?> org.springframework.data.rest.webmvc.RepositoryEntityController.headForItemResource(org.springframework.data.rest.webmvc.RootResourceInformation,java.io.Serializable) throws org.springframework.web.HttpRequestMethodNotSupportedException
2016-08-28 17:42:00.535  INFO 7696 --- [           main] o.s.d.r.w.RepositoryRestHandlerMapping   : Mapped "{[/{repository}/{id}],methods=[OPTIONS],params=[],headers=[],consumes=[],produces=[],custom=[]}" onto public org.springframework.http.ResponseEntity<?> org.springframework.data.rest.webmvc.RepositoryEntityController.optionsForItemResource(org.springframework.data.rest.webmvc.RootResourceInformation)
2016-08-28 17:42:00.535  INFO 7696 --- [           main] o.s.d.r.w.RepositoryRestHandlerMapping   : Mapped "{[/{repository}],methods=[GET],params=[],headers=[],consumes=[],produces=[application/x-spring-data-compact+json || text/uri-list],custom=[]}" onto public org.springframework.hateoas.Resources<?> org.springframework.data.rest.webmvc.RepositoryEntityController.getCollectionResourceCompact(org.springframework.data.rest.webmvc.RootResourceInformation,org.springframework.data.rest.webmvc.support.DefaultedPageable,org.springframework.data.domain.Sort,org.springframework.data.rest.webmvc.PersistentEntityResourceAssembler) throws org.springframework.data.rest.webmvc.ResourceNotFoundException,org.springframework.web.HttpRequestMethodNotSupportedException
2016-08-28 17:42:00.535  INFO 7696 --- [           main] o.s.d.r.w.RepositoryRestHandlerMapping   : Mapped "{[/{repository}],methods=[OPTIONS],params=[],headers=[],consumes=[],produces=[],custom=[]}" onto public org.springframework.http.ResponseEntity<?> org.springframework.data.rest.webmvc.RepositoryEntityController.optionsForCollectionResource(org.springframework.data.rest.webmvc.RootResourceInformation)
2016-08-28 17:42:00.536  INFO 7696 --- [           main] o.s.d.r.w.RepositoryRestHandlerMapping   : Mapped "{[/{repository}],methods=[POST],params=[],headers=[],consumes=[],produces=[],custom=[]}" onto public org.springframework.http.ResponseEntity<org.springframework.hateoas.ResourceSupport> org.springframework.data.rest.webmvc.RepositoryEntityController.postCollectionResource(org.springframework.data.rest.webmvc.RootResourceInformation,org.springframework.data.rest.webmvc.PersistentEntityResource,org.springframework.data.rest.webmvc.PersistentEntityResourceAssembler) throws org.springframework.web.HttpRequestMethodNotSupportedException
2016-08-28 17:42:00.536  INFO 7696 --- [           main] o.s.d.r.w.RepositoryRestHandlerMapping   : Mapped "{[/{repository}],methods=[HEAD],params=[],headers=[],consumes=[],produces=[],custom=[]}" onto public org.springframework.http.ResponseEntity<?> org.springframework.data.rest.webmvc.RepositoryEntityController.headCollectionResource(org.springframework.data.rest.webmvc.RootResourceInformation) throws org.springframework.web.HttpRequestMethodNotSupportedException
2016-08-28 17:42:00.536  INFO 7696 --- [           main] o.s.d.r.w.RepositoryRestHandlerMapping   : Mapped "{[/{repository}/{id}],methods=[GET],params=[],headers=[],consumes=[],produces=[],custom=[]}" onto public org.springframework.http.ResponseEntity<org.springframework.hateoas.Resource<?>> org.springframework.data.rest.webmvc.RepositoryEntityController.getItemResource(org.springframework.data.rest.webmvc.RootResourceInformation,java.io.Serializable,org.springframework.data.rest.webmvc.PersistentEntityResourceAssembler) throws org.springframework.web.HttpRequestMethodNotSupportedException
2016-08-28 17:42:00.536  INFO 7696 --- [           main] o.s.d.r.w.RepositoryRestHandlerMapping   : Mapped "{[/{repository}/{id}],methods=[PUT],params=[],headers=[],consumes=[],produces=[],custom=[]}" onto public org.springframework.http.ResponseEntity<? extends org.springframework.hateoas.ResourceSupport> org.springframework.data.rest.webmvc.RepositoryEntityController.putItemResource(org.springframework.data.rest.webmvc.RootResourceInformation,org.springframework.data.rest.webmvc.PersistentEntityResource,java.io.Serializable,org.springframework.data.rest.webmvc.PersistentEntityResourceAssembler) throws org.springframework.web.HttpRequestMethodNotSupportedException
2016-08-28 17:42:00.537  INFO 7696 --- [           main] o.s.d.r.w.RepositoryRestHandlerMapping   : Mapped "{[/],methods=[HEAD],params=[],headers=[],consumes=[],produces=[],custom=[]}" onto public org.springframework.http.ResponseEntity<?> org.springframework.data.rest.webmvc.RepositoryController.headForRepositories()
2016-08-28 17:42:00.537  INFO 7696 --- [           main] o.s.d.r.w.RepositoryRestHandlerMapping   : Mapped "{[/],methods=[OPTIONS],params=[],headers=[],consumes=[],produces=[],custom=[]}" onto public org.springframework.http.HttpEntity<?> org.springframework.data.rest.webmvc.RepositoryController.optionsForRepositories()
2016-08-28 17:42:00.537  INFO 7696 --- [           main] o.s.d.r.w.RepositoryRestHandlerMapping   : Mapped "{[/],methods=[GET],params=[],headers=[],consumes=[],produces=[],custom=[]}" onto public org.springframework.http.HttpEntity<org.springframework.data.rest.webmvc.RepositoryLinksResource> org.springframework.data.rest.webmvc.RepositoryController.listRepositories()
2016-08-28 17:42:00.539  INFO 7696 --- [           main] o.s.d.r.w.RepositoryRestHandlerMapping   : Mapped "{[/{repository}/{id}/{property}],methods=[DELETE],params=[],headers=[],consumes=[],produces=[],custom=[]}" onto public org.springframework.http.ResponseEntity<? extends org.springframework.hateoas.ResourceSupport> org.springframework.data.rest.webmvc.RepositoryPropertyReferenceController.deletePropertyReference(org.springframework.data.rest.webmvc.RootResourceInformation,java.io.Serializable,java.lang.String) throws java.lang.Exception
2016-08-28 17:42:00.539  INFO 7696 --- [           main] o.s.d.r.w.RepositoryRestHandlerMapping   : Mapped "{[/{repository}/{id}/{property}/{propertyId}],methods=[DELETE],params=[],headers=[],consumes=[],produces=[],custom=[]}" onto public org.springframework.http.ResponseEntity<org.springframework.hateoas.ResourceSupport> org.springframework.data.rest.webmvc.RepositoryPropertyReferenceController.deletePropertyReferenceId(org.springframework.data.rest.webmvc.RootResourceInformation,java.io.Serializable,java.lang.String,java.lang.String) throws java.lang.Exception
2016-08-28 17:42:00.540  INFO 7696 --- [           main] o.s.d.r.w.RepositoryRestHandlerMapping   : Mapped "{[/{repository}/{id}/{property}],methods=[GET],params=[],headers=[],consumes=[],produces=[],custom=[]}" onto public org.springframework.http.ResponseEntity<org.springframework.hateoas.ResourceSupport> org.springframework.data.rest.webmvc.RepositoryPropertyReferenceController.followPropertyReference(org.springframework.data.rest.webmvc.RootResourceInformation,java.io.Serializable,java.lang.String,org.springframework.data.rest.webmvc.PersistentEntityResourceAssembler) throws java.lang.Exception
2016-08-28 17:42:00.540  INFO 7696 --- [           main] o.s.d.r.w.RepositoryRestHandlerMapping   : Mapped "{[/{repository}/{id}/{property}/{propertyId}],methods=[GET],params=[],headers=[],consumes=[],produces=[],custom=[]}" onto public org.springframework.http.ResponseEntity<org.springframework.hateoas.ResourceSupport> org.springframework.data.rest.webmvc.RepositoryPropertyReferenceController.followPropertyReference(org.springframework.data.rest.webmvc.RootResourceInformation,java.io.Serializable,java.lang.String,java.lang.String,org.springframework.data.rest.webmvc.PersistentEntityResourceAssembler) throws java.lang.Exception
2016-08-28 17:42:00.540  INFO 7696 --- [           main] o.s.d.r.w.RepositoryRestHandlerMapping   : Mapped "{[/{repository}/{id}/{property}],methods=[GET],params=[],headers=[],consumes=[],produces=[application/x-spring-data-compact+json || text/uri-list],custom=[]}" onto public org.springframework.http.ResponseEntity<org.springframework.hateoas.ResourceSupport> org.springframework.data.rest.webmvc.RepositoryPropertyReferenceController.followPropertyReferenceCompact(org.springframework.data.rest.webmvc.RootResourceInformation,java.io.Serializable,java.lang.String,org.springframework.data.rest.webmvc.PersistentEntityResourceAssembler) throws java.lang.Exception
2016-08-28 17:42:00.540  INFO 7696 --- [           main] o.s.d.r.w.RepositoryRestHandlerMapping   : Mapped "{[/{repository}/{id}/{property}],methods=[PATCH || PUT],params=[],headers=[],consumes=[application/json || application/x-spring-data-compact+json || text/uri-list],produces=[],custom=[]}" onto public org.springframework.http.ResponseEntity<? extends org.springframework.hateoas.ResourceSupport> org.springframework.data.rest.webmvc.RepositoryPropertyReferenceController.createPropertyReference(org.springframework.data.rest.webmvc.RootResourceInformation,org.springframework.http.HttpMethod,org.springframework.hateoas.Resources<java.lang.Object>,java.io.Serializable,java.lang.String) throws java.lang.Exception
2016-08-28 17:42:00.541  INFO 7696 --- [           main] o.s.d.r.w.RepositoryRestHandlerMapping   : Mapped "{[/{repository}/schema],methods=[GET],params=[],headers=[],consumes=[],produces=[application/schema+json],custom=[]}" onto public org.springframework.http.HttpEntity<org.springframework.data.rest.webmvc.json.JsonSchema> org.springframework.data.rest.webmvc.RepositorySchemaController.schema(org.springframework.data.rest.webmvc.RootResourceInformation)
2016-08-28 17:42:00.542  INFO 7696 --- [           main] o.s.d.r.w.RepositoryRestHandlerMapping   : Mapped "{[/{repository}/search/{search}],methods=[GET],params=[],headers=[],consumes=[],produces=[application/x-spring-data-compact+json],custom=[]}" onto public org.springframework.hateoas.ResourceSupport org.springframework.data.rest.webmvc.RepositorySearchController.executeSearchCompact(org.springframework.data.rest.webmvc.RootResourceInformation,org.springframework.web.context.request.WebRequest,java.lang.String,java.lang.String,org.springframework.data.rest.webmvc.support.DefaultedPageable,org.springframework.data.domain.Sort,org.springframework.data.rest.webmvc.PersistentEntityResourceAssembler)
2016-08-28 17:42:00.542  INFO 7696 --- [           main] o.s.d.r.w.RepositoryRestHandlerMapping   : Mapped "{[/{repository}/search],methods=[OPTIONS],params=[],headers=[],consumes=[],produces=[],custom=[]}" onto public org.springframework.http.HttpEntity<?> org.springframework.data.rest.webmvc.RepositorySearchController.optionsForSearches(org.springframework.data.rest.webmvc.RootResourceInformation)
2016-08-28 17:42:00.542  INFO 7696 --- [           main] o.s.d.r.w.RepositoryRestHandlerMapping   : Mapped "{[/{repository}/search/{search}],methods=[OPTIONS],params=[],headers=[],consumes=[],produces=[],custom=[]}" onto public org.springframework.http.ResponseEntity<java.lang.Object> org.springframework.data.rest.webmvc.RepositorySearchController.optionsForSearch(org.springframework.data.rest.webmvc.RootResourceInformation,java.lang.String)
2016-08-28 17:42:00.542  INFO 7696 --- [           main] o.s.d.r.w.RepositoryRestHandlerMapping   : Mapped "{[/{repository}/search/{search}],methods=[GET],params=[],headers=[],consumes=[],produces=[],custom=[]}" onto public org.springframework.http.ResponseEntity<java.lang.Object> org.springframework.data.rest.webmvc.RepositorySearchController.executeSearch(org.springframework.data.rest.webmvc.RootResourceInformation,org.springframework.web.context.request.WebRequest,java.lang.String,org.springframework.data.rest.webmvc.support.DefaultedPageable,org.springframework.data.domain.Sort,org.springframework.data.rest.webmvc.PersistentEntityResourceAssembler)
2016-08-28 17:42:00.543  INFO 7696 --- [           main] o.s.d.r.w.RepositoryRestHandlerMapping   : Mapped "{[/{repository}/search],methods=[HEAD],params=[],headers=[],consumes=[],produces=[],custom=[]}" onto public org.springframework.http.HttpEntity<?> org.springframework.data.rest.webmvc.RepositorySearchController.headForSearches(org.springframework.data.rest.webmvc.RootResourceInformation)
2016-08-28 17:42:00.543  INFO 7696 --- [           main] o.s.d.r.w.RepositoryRestHandlerMapping   : Mapped "{[/{repository}/search/{search}],methods=[HEAD],params=[],headers=[],consumes=[],produces=[],custom=[]}" onto public org.springframework.http.ResponseEntity<java.lang.Object> org.springframework.data.rest.webmvc.RepositorySearchController.headForSearch(org.springframework.data.rest.webmvc.RootResourceInformation,java.lang.String)
2016-08-28 17:42:00.543  INFO 7696 --- [           main] o.s.d.r.w.RepositoryRestHandlerMapping   : Mapped "{[/{repository}/search],methods=[GET],params=[],headers=[],consumes=[],produces=[],custom=[]}" onto public org.springframework.hateoas.ResourceSupport org.springframework.data.rest.webmvc.RepositorySearchController.listSearches(org.springframework.data.rest.webmvc.RootResourceInformation)
2016-08-28 17:42:00.546  INFO 7696 --- [           main] o.s.d.r.w.BaseUriAwareHandlerMapping     : Mapped "{[/alps/{repository}],methods=[GET],params=[],headers=[],consumes=[],produces=[],custom=[]}" onto org.springframework.http.HttpEntity<org.springframework.data.rest.webmvc.RootResourceInformation> org.springframework.data.rest.webmvc.alps.AlpsController.descriptor(org.springframework.data.rest.webmvc.RootResourceInformation)
2016-08-28 17:42:00.546  INFO 7696 --- [           main] o.s.d.r.w.BaseUriAwareHandlerMapping     : Mapped "{[/alps],methods=[GET],params=[],headers=[],consumes=[],produces=[],custom=[]}" onto org.springframework.http.HttpEntity<org.springframework.hateoas.alps.Alps> org.springframework.data.rest.webmvc.alps.AlpsController.alps()
2016-08-28 17:42:00.547  INFO 7696 --- [           main] o.s.d.r.w.BaseUriAwareHandlerMapping     : Mapped "{[/alps || /alps/{repository}],methods=[OPTIONS],params=[],headers=[],consumes=[],produces=[],custom=[]}" onto org.springframework.http.HttpEntity<?> org.springframework.data.rest.webmvc.alps.AlpsController.alpsOptions()
2016-08-28 17:42:00.629  INFO 7696 --- [           main] s.b.c.e.t.TomcatEmbeddedServletContainer : Tomcat started on port(s): 9994 (http)
2016-08-28 17:42:00.631  INFO 7696 --- [           main] o.a.maven.surefire.booter.ForkedBooter   : Started ForkedBooter in 6.4 seconds (JVM running for 7.261)
Hibernate: select band0_.id as id1_2_0_, band0_.created_date as created_2_2_0_, band0_.created_place as created_3_2_0_, band0_.description as descript4_2_0_, band0_.gengre as gengre5_2_0_, band0_.name as name6_2_0_ from band band0_ where band0_.id=?
Hibernate: select nextval ('hibernate_sequence')
Hibernate: insert into band (created_date, created_place, description, gengre, name, id) values (?, ?, ?, ?, ?, ?)
2016-08-28 17:42:01.365  INFO 7696 --- [nio-9994-exec-1] o.a.c.c.C.[Tomcat].[localhost].[/]       : Initializing Spring FrameworkServlet 'dispatcherServlet'
2016-08-28 17:42:01.366  INFO 7696 --- [nio-9994-exec-1] o.s.web.servlet.DispatcherServlet        : FrameworkServlet 'dispatcherServlet': initialization started
2016-08-28 17:42:01.392  INFO 7696 --- [nio-9994-exec-1] o.s.web.servlet.DispatcherServlet        : FrameworkServlet 'dispatcherServlet': initialization completed in 26 ms
Hibernate: select band0_.id as id1_2_, band0_.created_date as created_2_2_, band0_.created_place as created_3_2_, band0_.description as descript4_2_, band0_.gengre as gengre5_2_, band0_.name as name6_2_ from band band0_
Hibernate: select members0_.band_id as band_id2_2_0_, members0_.user_id as user_id1_6_0_, user1_.id as id1_1_1_, user1_.birt_date as birt_dat2_1_1_, user1_.birth_place as birth_pl3_1_1_, user1_.description as descript4_1_1_, user1_.first_name as first_na5_1_1_, user1_.last_name as last_nam6_1_1_, user1_.login as login7_1_1_, user1_.password as password8_1_1_, user1_.user_type as user_typ9_1_1_ from user_band members0_ inner join app_user user1_ on members0_.user_id=user1_.id where members0_.band_id=?
Hibernate: select members0_.band_id as band_id2_2_0_, members0_.user_id as user_id1_6_0_, user1_.id as id1_1_1_, user1_.birt_date as birt_dat2_1_1_, user1_.birth_place as birth_pl3_1_1_, user1_.description as descript4_1_1_, user1_.first_name as first_na5_1_1_, user1_.last_name as last_nam6_1_1_, user1_.login as login7_1_1_, user1_.password as password8_1_1_, user1_.user_type as user_typ9_1_1_ from user_band members0_ inner join app_user user1_ on members0_.user_id=user1_.id where members0_.band_id=?
Hibernate: select members0_.band_id as band_id2_2_0_, members0_.user_id as user_id1_6_0_, user1_.id as id1_1_1_, user1_.birt_date as birt_dat2_1_1_, user1_.birth_place as birth_pl3_1_1_, user1_.description as descript4_1_1_, user1_.first_name as first_na5_1_1_, user1_.last_name as last_nam6_1_1_, user1_.login as login7_1_1_, user1_.password as password8_1_1_, user1_.user_type as user_typ9_1_1_ from user_band members0_ inner join app_user user1_ on members0_.user_id=user1_.id where members0_.band_id=?
Hibernate: select members0_.band_id as band_id2_2_0_, members0_.user_id as user_id1_6_0_, user1_.id as id1_1_1_, user1_.birt_date as birt_dat2_1_1_, user1_.birth_place as birth_pl3_1_1_, user1_.description as descript4_1_1_, user1_.first_name as first_na5_1_1_, user1_.last_name as last_nam6_1_1_, user1_.login as login7_1_1_, user1_.password as password8_1_1_, user1_.user_type as user_typ9_1_1_ from user_band members0_ inner join app_user user1_ on members0_.user_id=user1_.id where members0_.band_id=?
Hibernate: select members0_.band_id as band_id2_2_0_, members0_.user_id as user_id1_6_0_, user1_.id as id1_1_1_, user1_.birt_date as birt_dat2_1_1_, user1_.birth_place as birth_pl3_1_1_, user1_.description as descript4_1_1_, user1_.first_name as first_na5_1_1_, user1_.last_name as last_nam6_1_1_, user1_.login as login7_1_1_, user1_.password as password8_1_1_, user1_.user_type as user_typ9_1_1_ from user_band members0_ inner join app_user user1_ on members0_.user_id=user1_.id where members0_.band_id=?
Hibernate: select members0_.band_id as band_id2_2_0_, members0_.user_id as user_id1_6_0_, user1_.id as id1_1_1_, user1_.birt_date as birt_dat2_1_1_, user1_.birth_place as birth_pl3_1_1_, user1_.description as descript4_1_1_, user1_.first_name as first_na5_1_1_, user1_.last_name as last_nam6_1_1_, user1_.login as login7_1_1_, user1_.password as password8_1_1_, user1_.user_type as user_typ9_1_1_ from user_band members0_ inner join app_user user1_ on members0_.user_id=user1_.id where members0_.band_id=?
Hibernate: select members0_.band_id as band_id2_2_0_, members0_.user_id as user_id1_6_0_, user1_.id as id1_1_1_, user1_.birt_date as birt_dat2_1_1_, user1_.birth_place as birth_pl3_1_1_, user1_.description as descript4_1_1_, user1_.first_name as first_na5_1_1_, user1_.last_name as last_nam6_1_1_, user1_.login as login7_1_1_, user1_.password as password8_1_1_, user1_.user_type as user_typ9_1_1_ from user_band members0_ inner join app_user user1_ on members0_.user_id=user1_.id where members0_.band_id=?
Hibernate: select members0_.band_id as band_id2_2_0_, members0_.user_id as user_id1_6_0_, user1_.id as id1_1_1_, user1_.birt_date as birt_dat2_1_1_, user1_.birth_place as birth_pl3_1_1_, user1_.description as descript4_1_1_, user1_.first_name as first_na5_1_1_, user1_.last_name as last_nam6_1_1_, user1_.login as login7_1_1_, user1_.password as password8_1_1_, user1_.user_type as user_typ9_1_1_ from user_band members0_ inner join app_user user1_ on members0_.user_id=user1_.id where members0_.band_id=?
Hibernate: select members0_.band_id as band_id2_2_0_, members0_.user_id as user_id1_6_0_, user1_.id as id1_1_1_, user1_.birt_date as birt_dat2_1_1_, user1_.birth_place as birth_pl3_1_1_, user1_.description as descript4_1_1_, user1_.first_name as first_na5_1_1_, user1_.last_name as last_nam6_1_1_, user1_.login as login7_1_1_, user1_.password as password8_1_1_, user1_.user_type as user_typ9_1_1_ from user_band members0_ inner join app_user user1_ on members0_.user_id=user1_.id where members0_.band_id=?
Hibernate: select members0_.band_id as band_id2_2_0_, members0_.user_id as user_id1_6_0_, user1_.id as id1_1_1_, user1_.birt_date as birt_dat2_1_1_, user1_.birth_place as birth_pl3_1_1_, user1_.description as descript4_1_1_, user1_.first_name as first_na5_1_1_, user1_.last_name as last_nam6_1_1_, user1_.login as login7_1_1_, user1_.password as password8_1_1_, user1_.user_type as user_typ9_1_1_ from user_band members0_ inner join app_user user1_ on members0_.user_id=user1_.id where members0_.band_id=?
Hibernate: select members0_.band_id as band_id2_2_0_, members0_.user_id as user_id1_6_0_, user1_.id as id1_1_1_, user1_.birt_date as birt_dat2_1_1_, user1_.birth_place as birth_pl3_1_1_, user1_.description as descript4_1_1_, user1_.first_name as first_na5_1_1_, user1_.last_name as last_nam6_1_1_, user1_.login as login7_1_1_, user1_.password as password8_1_1_, user1_.user_type as user_typ9_1_1_ from user_band members0_ inner join app_user user1_ on members0_.user_id=user1_.id where members0_.band_id=?
Hibernate: select members0_.band_id as band_id2_2_0_, members0_.user_id as user_id1_6_0_, user1_.id as id1_1_1_, user1_.birt_date as birt_dat2_1_1_, user1_.birth_place as birth_pl3_1_1_, user1_.description as descript4_1_1_, user1_.first_name as first_na5_1_1_, user1_.last_name as last_nam6_1_1_, user1_.login as login7_1_1_, user1_.password as password8_1_1_, user1_.user_type as user_typ9_1_1_ from user_band members0_ inner join app_user user1_ on members0_.user_id=user1_.id where members0_.band_id=?
Hibernate: select members0_.band_id as band_id2_2_0_, members0_.user_id as user_id1_6_0_, user1_.id as id1_1_1_, user1_.birt_date as birt_dat2_1_1_, user1_.birth_place as birth_pl3_1_1_, user1_.description as descript4_1_1_, user1_.first_name as first_na5_1_1_, user1_.last_name as last_nam6_1_1_, user1_.login as login7_1_1_, user1_.password as password8_1_1_, user1_.user_type as user_typ9_1_1_ from user_band members0_ inner join app_user user1_ on members0_.user_id=user1_.id where members0_.band_id=?
Hibernate: select members0_.band_id as band_id2_2_0_, members0_.user_id as user_id1_6_0_, user1_.id as id1_1_1_, user1_.birt_date as birt_dat2_1_1_, user1_.birth_place as birth_pl3_1_1_, user1_.description as descript4_1_1_, user1_.first_name as first_na5_1_1_, user1_.last_name as last_nam6_1_1_, user1_.login as login7_1_1_, user1_.password as password8_1_1_, user1_.user_type as user_typ9_1_1_ from user_band members0_ inner join app_user user1_ on members0_.user_id=user1_.id where members0_.band_id=?
Hibernate: select members0_.band_id as band_id2_2_0_, members0_.user_id as user_id1_6_0_, user1_.id as id1_1_1_, user1_.birt_date as birt_dat2_1_1_, user1_.birth_place as birth_pl3_1_1_, user1_.description as descript4_1_1_, user1_.first_name as first_na5_1_1_, user1_.last_name as last_nam6_1_1_, user1_.login as login7_1_1_, user1_.password as password8_1_1_, user1_.user_type as user_typ9_1_1_ from user_band members0_ inner join app_user user1_ on members0_.user_id=user1_.id where members0_.band_id=?
Hibernate: select members0_.band_id as band_id2_2_0_, members0_.user_id as user_id1_6_0_, user1_.id as id1_1_1_, user1_.birt_date as birt_dat2_1_1_, user1_.birth_place as birth_pl3_1_1_, user1_.description as descript4_1_1_, user1_.first_name as first_na5_1_1_, user1_.last_name as last_nam6_1_1_, user1_.login as login7_1_1_, user1_.password as password8_1_1_, user1_.user_type as user_typ9_1_1_ from user_band members0_ inner join app_user user1_ on members0_.user_id=user1_.id where members0_.band_id=?
Hibernate: select members0_.band_id as band_id2_2_0_, members0_.user_id as user_id1_6_0_, user1_.id as id1_1_1_, user1_.birt_date as birt_dat2_1_1_, user1_.birth_place as birth_pl3_1_1_, user1_.description as descript4_1_1_, user1_.first_name as first_na5_1_1_, user1_.last_name as last_nam6_1_1_, user1_.login as login7_1_1_, user1_.password as password8_1_1_, user1_.user_type as user_typ9_1_1_ from user_band members0_ inner join app_user user1_ on members0_.user_id=user1_.id where members0_.band_id=?
Hibernate: select members0_.band_id as band_id2_2_0_, members0_.user_id as user_id1_6_0_, user1_.id as id1_1_1_, user1_.birt_date as birt_dat2_1_1_, user1_.birth_place as birth_pl3_1_1_, user1_.description as descript4_1_1_, user1_.first_name as first_na5_1_1_, user1_.last_name as last_nam6_1_1_, user1_.login as login7_1_1_, user1_.password as password8_1_1_, user1_.user_type as user_typ9_1_1_ from user_band members0_ inner join app_user user1_ on members0_.user_id=user1_.id where members0_.band_id=?
Hibernate: select members0_.band_id as band_id2_2_0_, members0_.user_id as user_id1_6_0_, user1_.id as id1_1_1_, user1_.birt_date as birt_dat2_1_1_, user1_.birth_place as birth_pl3_1_1_, user1_.description as descript4_1_1_, user1_.first_name as first_na5_1_1_, user1_.last_name as last_nam6_1_1_, user1_.login as login7_1_1_, user1_.password as password8_1_1_, user1_.user_type as user_typ9_1_1_ from user_band members0_ inner join app_user user1_ on members0_.user_id=user1_.id where members0_.band_id=?
]]></system-out>
  </testcase>
</testsuite>